{"level":"info","message":{"method":"GET","timestamp":"2025-08-06T11:48:47.305Z","url":"/"},"timestamp":"2025-08-06T11:48:47.309Z"}
{"level":"info","message":{"method":"GET","timestamp":"2025-08-06T11:50:36.377Z","url":"/api/auth/login"},"timestamp":"2025-08-06T11:50:36.377Z"}
{"level":"info","message":{"method":"GET","timestamp":"2025-08-06T11:50:36.425Z","url":"/favicon.ico"},"timestamp":"2025-08-06T11:50:36.425Z"}
{"level":"info","message":{"method":"GET","timestamp":"2025-08-06T11:56:56.276Z","url":"/api/tasks"},"timestamp":"2025-08-06T11:56:56.276Z"}
{"level":"info","message":{"method":"OPTIONS","timestamp":"2025-08-06T11:57:02.971Z","url":"/api/tasks"},"timestamp":"2025-08-06T11:57:02.971Z"}
{"level":"info","message":{"method":"OPTIONS","timestamp":"2025-08-06T11:57:06.121Z","url":"/api/tasks"},"timestamp":"2025-08-06T11:57:06.121Z"}
{"level":"info","message":{"method":"OPTIONS","timestamp":"2025-08-06T11:57:06.995Z","url":"/api/tasks"},"timestamp":"2025-08-06T11:57:06.995Z"}
{"level":"info","message":{"method":"OPTIONS","timestamp":"2025-08-06T11:57:07.632Z","url":"/api/tasks"},"timestamp":"2025-08-06T11:57:07.632Z"}
{"level":"info","message":{"method":"OPTIONS","timestamp":"2025-08-06T11:57:08.155Z","url":"/api/tasks"},"timestamp":"2025-08-06T11:57:08.155Z"}
{"level":"info","message":{"method":"OPTIONS","timestamp":"2025-08-06T11:57:08.352Z","url":"/api/tasks"},"timestamp":"2025-08-06T11:57:08.352Z"}
{"level":"info","message":{"method":"OPTIONS","timestamp":"2025-08-06T11:57:08.509Z","url":"/api/tasks"},"timestamp":"2025-08-06T11:57:08.509Z"}
{"level":"info","message":{"method":"OPTIONS","timestamp":"2025-08-06T11:57:08.738Z","url":"/api/tasks"},"timestamp":"2025-08-06T11:57:08.738Z"}
{"level":"info","message":{"method":"OPTIONS","timestamp":"2025-08-06T11:57:09.315Z","url":"/api/tasks"},"timestamp":"2025-08-06T11:57:09.315Z"}
{"level":"info","message":{"method":"OPTIONS","timestamp":"2025-08-06T11:57:09.532Z","url":"/api/tasks"},"timestamp":"2025-08-06T11:57:09.532Z"}
{"level":"info","message":{"method":"OPTIONS","timestamp":"2025-08-06T11:57:54.161Z","url":"/api/tasks"},"timestamp":"2025-08-06T11:57:54.161Z"}
{"level":"info","message":{"method":"GET","timestamp":"2025-08-06T12:11:30.381Z","url":"/api/tasks"},"timestamp":"2025-08-06T12:11:30.381Z"}
{"level":"info","message":{"method":"GET","timestamp":"2025-08-06T12:14:52.913Z","url":"/api/tasks"},"timestamp":"2025-08-06T12:14:52.913Z"}
{"level":"info","message":{"method":"OPTIONS","timestamp":"2025-08-06T12:14:57.028Z","url":"/api/tasks"},"timestamp":"2025-08-06T12:14:57.028Z"}
{"level":"info","message":{"method":"OPTIONS","timestamp":"2025-08-06T12:14:58.629Z","url":"/api/tasks"},"timestamp":"2025-08-06T12:14:58.629Z"}
{"level":"info","message":{"method":"OPTIONS","timestamp":"2025-08-06T12:15:00.485Z","url":"/api/tasks"},"timestamp":"2025-08-06T12:15:00.485Z"}
{"level":"info","message":{"method":"OPTIONS","timestamp":"2025-08-06T12:15:02.202Z","url":"/api/tasks"},"timestamp":"2025-08-06T12:15:02.202Z"}
{"level":"info","message":{"method":"OPTIONS","timestamp":"2025-08-06T12:15:02.803Z","url":"/api/tasks"},"timestamp":"2025-08-06T12:15:02.803Z"}
{"level":"info","message":{"method":"OPTIONS","timestamp":"2025-08-06T12:15:03.027Z","url":"/api/tasks"},"timestamp":"2025-08-06T12:15:03.027Z"}
{"level":"info","message":{"method":"OPTIONS","timestamp":"2025-08-06T12:15:03.745Z","url":"/api/tasks"},"timestamp":"2025-08-06T12:15:03.745Z"}
{"level":"info","message":{"method":"OPTIONS","timestamp":"2025-08-06T12:15:03.961Z","url":"/api/tasks"},"timestamp":"2025-08-06T12:15:03.961Z"}
{"level":"info","message":{"method":"OPTIONS","timestamp":"2025-08-06T12:15:04.354Z","url":"/api/tasks"},"timestamp":"2025-08-06T12:15:04.354Z"}
{"level":"info","message":{"method":"OPTIONS","timestamp":"2025-08-06T12:15:04.538Z","url":"/api/tasks"},"timestamp":"2025-08-06T12:15:04.538Z"}
{"level":"info","message":{"method":"OPTIONS","timestamp":"2025-08-06T12:15:04.714Z","url":"/api/tasks"},"timestamp":"2025-08-06T12:15:04.714Z"}
{"level":"info","message":{"method":"OPTIONS","timestamp":"2025-08-06T12:15:04.874Z","url":"/api/tasks"},"timestamp":"2025-08-06T12:15:04.874Z"}
{"level":"info","message":{"method":"OPTIONS","timestamp":"2025-08-06T12:15:05.029Z","url":"/api/tasks"},"timestamp":"2025-08-06T12:15:05.029Z"}
{"level":"info","message":{"method":"OPTIONS","timestamp":"2025-08-06T12:15:05.214Z","url":"/api/tasks"},"timestamp":"2025-08-06T12:15:05.214Z"}
{"level":"info","message":{"method":"OPTIONS","timestamp":"2025-08-06T12:15:05.377Z","url":"/api/tasks"},"timestamp":"2025-08-06T12:15:05.377Z"}
{"level":"info","message":{"method":"OPTIONS","timestamp":"2025-08-06T12:15:05.541Z","url":"/api/tasks"},"timestamp":"2025-08-06T12:15:05.541Z"}
{"level":"info","message":{"method":"OPTIONS","timestamp":"2025-08-06T12:15:05.703Z","url":"/api/tasks"},"timestamp":"2025-08-06T12:15:05.703Z"}
{"level":"info","message":{"method":"OPTIONS","timestamp":"2025-08-06T12:15:05.856Z","url":"/api/tasks"},"timestamp":"2025-08-06T12:15:05.856Z"}
{"level":"info","message":{"method":"OPTIONS","timestamp":"2025-08-06T12:15:06.069Z","url":"/api/tasks"},"timestamp":"2025-08-06T12:15:06.069Z"}
{"level":"info","message":{"method":"OPTIONS","timestamp":"2025-08-06T12:15:07.057Z","url":"/api/tasks"},"timestamp":"2025-08-06T12:15:07.058Z"}
{"level":"info","message":{"method":"OPTIONS","timestamp":"2025-08-06T12:15:07.207Z","url":"/api/tasks"},"timestamp":"2025-08-06T12:15:07.207Z"}
{"level":"info","message":{"method":"OPTIONS","timestamp":"2025-08-06T12:15:07.364Z","url":"/api/tasks"},"timestamp":"2025-08-06T12:15:07.364Z"}
{"level":"info","message":{"method":"OPTIONS","timestamp":"2025-08-06T12:15:07.515Z","url":"/api/tasks"},"timestamp":"2025-08-06T12:15:07.515Z"}
{"level":"info","message":{"method":"OPTIONS","timestamp":"2025-08-06T12:15:07.739Z","url":"/api/tasks"},"timestamp":"2025-08-06T12:15:07.739Z"}
{"level":"info","message":{"method":"OPTIONS","timestamp":"2025-08-06T12:15:09.942Z","url":"/api/tasks"},"timestamp":"2025-08-06T12:15:09.942Z"}
{"level":"info","message":{"method":"OPTIONS","timestamp":"2025-08-06T12:15:10.080Z","url":"/api/tasks"},"timestamp":"2025-08-06T12:15:10.080Z"}
{"level":"info","message":{"method":"OPTIONS","timestamp":"2025-08-06T12:15:10.298Z","url":"/api/tasks"},"timestamp":"2025-08-06T12:15:10.298Z"}
{"level":"info","message":{"method":"OPTIONS","timestamp":"2025-08-06T12:15:10.928Z","url":"/api/tasks"},"timestamp":"2025-08-06T12:15:10.928Z"}
{"level":"info","message":{"method":"OPTIONS","timestamp":"2025-08-06T12:15:11.156Z","url":"/api/tasks"},"timestamp":"2025-08-06T12:15:11.156Z"}
{"level":"info","message":{"method":"GET","timestamp":"2025-08-06T12:16:56.864Z","url":"/api/tasks"},"timestamp":"2025-08-06T12:16:56.864Z"}
{"level":"info","message":{"method":"OPTIONS","timestamp":"2025-08-06T12:16:58.892Z","url":"/api/tasks"},"timestamp":"2025-08-06T12:16:58.892Z"}
{"level":"info","message":{"method":"OPTIONS","timestamp":"2025-08-06T12:16:59.051Z","url":"/api/tasks"},"timestamp":"2025-08-06T12:16:59.051Z"}
{"level":"info","message":{"method":"OPTIONS","timestamp":"2025-08-06T12:16:59.202Z","url":"/api/tasks"},"timestamp":"2025-08-06T12:16:59.202Z"}
{"level":"info","message":{"method":"OPTIONS","timestamp":"2025-08-06T12:16:59.392Z","url":"/api/tasks"},"timestamp":"2025-08-06T12:16:59.392Z"}
{"level":"info","message":{"method":"OPTIONS","timestamp":"2025-08-06T12:16:59.549Z","url":"/api/tasks"},"timestamp":"2025-08-06T12:16:59.549Z"}
{"level":"info","message":{"method":"OPTIONS","timestamp":"2025-08-06T12:16:59.774Z","url":"/api/tasks"},"timestamp":"2025-08-06T12:16:59.774Z"}
{"level":"info","message":{"method":"OPTIONS","timestamp":"2025-08-06T12:17:00.214Z","url":"/api/tasks"},"timestamp":"2025-08-06T12:17:00.214Z"}
{"level":"info","message":{"method":"OPTIONS","timestamp":"2025-08-06T12:17:00.427Z","url":"/api/tasks"},"timestamp":"2025-08-06T12:17:00.427Z"}
{"level":"info","message":{"method":"OPTIONS","timestamp":"2025-08-06T12:17:01.024Z","url":"/api/tasks"},"timestamp":"2025-08-06T12:17:01.024Z"}
{"level":"info","message":{"method":"OPTIONS","timestamp":"2025-08-06T12:17:01.244Z","url":"/api/tasks"},"timestamp":"2025-08-06T12:17:01.244Z"}
{"level":"info","message":{"method":"OPTIONS","timestamp":"2025-08-06T12:17:54.533Z","url":"/api/tasks"},"timestamp":"2025-08-06T12:17:54.534Z"}
{"level":"info","message":{"method":"OPTIONS","timestamp":"2025-08-06T12:17:56.125Z","url":"/api/tasks"},"timestamp":"2025-08-06T12:17:56.125Z"}
{"level":"info","message":{"method":"GET","timestamp":"2025-08-06T12:20:38.876Z","url":"/api/tasks"},"timestamp":"2025-08-06T12:20:38.876Z"}
{"level":"info","message":{"method":"GET","timestamp":"2025-08-06T12:21:12.893Z","url":"/api/tasks"},"timestamp":"2025-08-06T12:21:12.893Z"}
{"level":"info","message":{"method":"GET","timestamp":"2025-08-06T12:49:44.515Z","url":"/api/tasks"},"timestamp":"2025-08-06T12:49:44.515Z"}
{"level":"info","message":{"method":"OPTIONS","timestamp":"2025-08-06T12:49:58.462Z","url":"/api/tasks"},"timestamp":"2025-08-06T12:49:58.462Z"}
{"level":"info","message":{"method":"OPTIONS","timestamp":"2025-08-06T12:50:00.108Z","url":"/api/tasks"},"timestamp":"2025-08-06T12:50:00.108Z"}
{"level":"info","message":{"method":"GET","timestamp":"2025-08-06T12:51:31.486Z","url":"/api/tasks"},"timestamp":"2025-08-06T12:51:31.486Z"}
{"level":"info","message":{"method":"GET","timestamp":"2025-08-06T12:52:46.361Z","url":"/api/tasks"},"timestamp":"2025-08-06T12:52:46.361Z"}
{"level":"info","message":{"method":"OPTIONS","timestamp":"2025-08-06T12:52:48.282Z","url":"/api/tasks"},"timestamp":"2025-08-06T12:52:48.282Z"}
{"level":"info","message":{"method":"GET","timestamp":"2025-08-06T12:53:09.526Z","url":"/api/tasks"},"timestamp":"2025-08-06T12:53:09.526Z"}
{"level":"info","message":{"method":"OPTIONS","timestamp":"2025-08-06T12:53:11.182Z","url":"/api/tasks"},"timestamp":"2025-08-06T12:53:11.182Z"}
{"level":"info","message":{"method":"GET","timestamp":"2025-08-06T12:53:33.148Z","url":"/"},"timestamp":"2025-08-06T12:53:33.148Z"}
{"level":"info","message":{"method":"GET","timestamp":"2025-08-06T12:53:47.334Z","url":"/api/tasks"},"timestamp":"2025-08-06T12:53:47.334Z"}
{"level":"info","message":{"method":"GET","timestamp":"2025-08-06T12:54:02.661Z","url":"/api/tasks"},"timestamp":"2025-08-06T12:54:02.661Z"}
{"level":"info","message":{"method":"OPTIONS","timestamp":"2025-08-06T12:54:03.951Z","url":"/api/tasks"},"timestamp":"2025-08-06T12:54:03.951Z"}
{"level":"info","message":{"method":"OPTIONS","timestamp":"2025-08-06T12:54:04.864Z","url":"/api/tasks"},"timestamp":"2025-08-06T12:54:04.864Z"}
{"level":"info","message":{"method":"OPTIONS","timestamp":"2025-08-06T12:54:05.028Z","url":"/api/tasks"},"timestamp":"2025-08-06T12:54:05.028Z"}
{"level":"info","message":{"method":"OPTIONS","timestamp":"2025-08-06T12:54:05.197Z","url":"/api/tasks"},"timestamp":"2025-08-06T12:54:05.197Z"}
{"level":"info","message":{"method":"OPTIONS","timestamp":"2025-08-06T12:54:05.376Z","url":"/api/tasks"},"timestamp":"2025-08-06T12:54:05.376Z"}
{"level":"info","message":{"method":"OPTIONS","timestamp":"2025-08-06T12:54:05.580Z","url":"/api/tasks"},"timestamp":"2025-08-06T12:54:05.580Z"}
{"level":"info","message":{"method":"OPTIONS","timestamp":"2025-08-06T12:54:06.017Z","url":"/api/tasks"},"timestamp":"2025-08-06T12:54:06.018Z"}
{"level":"info","message":{"method":"OPTIONS","timestamp":"2025-08-06T12:54:06.166Z","url":"/api/tasks"},"timestamp":"2025-08-06T12:54:06.166Z"}
{"level":"info","message":{"method":"OPTIONS","timestamp":"2025-08-06T12:54:06.330Z","url":"/api/tasks"},"timestamp":"2025-08-06T12:54:06.330Z"}
{"level":"info","message":{"method":"OPTIONS","timestamp":"2025-08-06T12:54:06.465Z","url":"/api/tasks"},"timestamp":"2025-08-06T12:54:06.465Z"}
{"level":"info","message":{"method":"OPTIONS","timestamp":"2025-08-06T12:54:06.701Z","url":"/api/tasks"},"timestamp":"2025-08-06T12:54:06.701Z"}
{"level":"info","message":{"method":"GET","timestamp":"2025-08-06T12:55:15.780Z","url":"/api/tasks"},"timestamp":"2025-08-06T12:55:15.780Z"}
{"level":"info","message":{"method":"OPTIONS","timestamp":"2025-08-06T12:55:17.282Z","url":"/api/tasks"},"timestamp":"2025-08-06T12:55:17.282Z"}
{"level":"info","message":{"method":"OPTIONS","timestamp":"2025-08-06T12:55:17.775Z","url":"/api/tasks"},"timestamp":"2025-08-06T12:55:17.775Z"}
{"level":"info","message":{"method":"OPTIONS","timestamp":"2025-08-06T12:55:17.995Z","url":"/api/tasks"},"timestamp":"2025-08-06T12:55:17.995Z"}
{"level":"info","message":{"method":"GET","timestamp":"2025-08-06T12:56:03.078Z","url":"/api/tasks"},"timestamp":"2025-08-06T12:56:03.078Z"}
{"level":"info","message":{"method":"OPTIONS","timestamp":"2025-08-06T12:56:04.379Z","url":"/api/tasks"},"timestamp":"2025-08-06T12:56:04.379Z"}
{"level":"info","message":{"method":"OPTIONS","timestamp":"2025-08-06T12:56:04.749Z","url":"/api/tasks"},"timestamp":"2025-08-06T12:56:04.749Z"}
{"level":"info","message":{"method":"OPTIONS","timestamp":"2025-08-06T12:56:04.935Z","url":"/api/tasks"},"timestamp":"2025-08-06T12:56:04.935Z"}
{"level":"info","message":{"method":"OPTIONS","timestamp":"2025-08-06T12:56:05.111Z","url":"/api/tasks"},"timestamp":"2025-08-06T12:56:05.111Z"}
{"level":"info","message":{"method":"OPTIONS","timestamp":"2025-08-06T12:56:05.282Z","url":"/api/tasks"},"timestamp":"2025-08-06T12:56:05.282Z"}
{"level":"info","message":{"method":"OPTIONS","timestamp":"2025-08-06T12:56:05.444Z","url":"/api/tasks"},"timestamp":"2025-08-06T12:56:05.444Z"}
{"level":"info","message":{"method":"GET","timestamp":"2025-08-06T13:04:16.844Z","url":"/"},"timestamp":"2025-08-06T13:04:16.856Z"}
{"level":"info","message":{"method":"GET","timestamp":"2025-08-06T13:04:19.786Z","url":"/"},"timestamp":"2025-08-06T13:04:19.787Z"}
{"level":"info","message":{"method":"GET","timestamp":"2025-08-06T13:05:34.432Z","url":"/api/tasks"},"timestamp":"2025-08-06T13:05:34.432Z"}
{"level":"info","message":{"method":"OPTIONS","timestamp":"2025-08-06T13:05:35.776Z","url":"/api/tasks"},"timestamp":"2025-08-06T13:05:35.776Z"}
{"level":"info","message":{"method":"POST","timestamp":"2025-08-06T13:05:35.838Z","url":"/api/tasks"},"timestamp":"2025-08-06T13:05:35.838Z"}
{"level":"info","message":{"method":"GET","timestamp":"2025-08-06T13:06:00.465Z","url":"/api/tasks"},"timestamp":"2025-08-06T13:06:00.465Z"}
{"level":"info","message":{"method":"GET","timestamp":"2025-08-06T13:12:48.489Z","url":"/api/tasks"},"timestamp":"2025-08-06T13:12:48.489Z"}
{"level":"info","message":{"method":"GET","timestamp":"2025-08-06T13:13:35.022Z","url":"/api/tasks"},"timestamp":"2025-08-06T13:13:35.022Z"}
{"level":"info","message":{"method":"OPTIONS","timestamp":"2025-08-06T13:17:51.728Z","url":"/api/tasks/1"},"timestamp":"2025-08-06T13:17:51.728Z"}
{"level":"info","message":{"method":"PUT","timestamp":"2025-08-06T13:17:51.737Z","url":"/api/tasks/1"},"timestamp":"2025-08-06T13:17:51.737Z"}
{"level":"info","message":{"method":"PUT","timestamp":"2025-08-06T13:17:52.813Z","url":"/api/tasks/1"},"timestamp":"2025-08-06T13:17:52.813Z"}
{"level":"info","message":{"method":"PUT","timestamp":"2025-08-06T13:17:53.411Z","url":"/api/tasks/1"},"timestamp":"2025-08-06T13:17:53.411Z"}
{"level":"info","message":{"method":"PUT","timestamp":"2025-08-06T13:17:53.634Z","url":"/api/tasks/1"},"timestamp":"2025-08-06T13:17:53.634Z"}
{"level":"info","message":{"method":"PUT","timestamp":"2025-08-06T13:17:54.410Z","url":"/api/tasks/1"},"timestamp":"2025-08-06T13:17:54.410Z"}
{"level":"info","message":{"method":"PUT","timestamp":"2025-08-06T13:17:54.581Z","url":"/api/tasks/1"},"timestamp":"2025-08-06T13:17:54.581Z"}
{"level":"info","message":{"method":"PUT","timestamp":"2025-08-06T13:17:54.804Z","url":"/api/tasks/1"},"timestamp":"2025-08-06T13:17:54.804Z"}
{"level":"info","message":{"method":"PUT","timestamp":"2025-08-06T13:17:55.302Z","url":"/api/tasks/1"},"timestamp":"2025-08-06T13:17:55.302Z"}
{"level":"info","message":{"method":"PUT","timestamp":"2025-08-06T13:17:55.521Z","url":"/api/tasks/1"},"timestamp":"2025-08-06T13:17:55.521Z"}
{"level":"info","message":{"method":"PUT","timestamp":"2025-08-06T13:17:56.255Z","url":"/api/tasks/1"},"timestamp":"2025-08-06T13:17:56.255Z"}
{"level":"info","message":{"method":"PUT","timestamp":"2025-08-06T13:17:56.424Z","url":"/api/tasks/1"},"timestamp":"2025-08-06T13:17:56.424Z"}
{"level":"info","message":{"method":"PUT","timestamp":"2025-08-06T13:17:56.643Z","url":"/api/tasks/1"},"timestamp":"2025-08-06T13:17:56.643Z"}
{"level":"info","message":{"method":"OPTIONS","timestamp":"2025-08-06T13:17:56.847Z","url":"/api/tasks/1"},"timestamp":"2025-08-06T13:17:56.847Z"}
{"level":"info","message":{"method":"PUT","timestamp":"2025-08-06T13:17:56.856Z","url":"/api/tasks/1"},"timestamp":"2025-08-06T13:17:56.856Z"}
{"level":"info","message":{"method":"PUT","timestamp":"2025-08-06T13:17:57.077Z","url":"/api/tasks/1"},"timestamp":"2025-08-06T13:17:57.078Z"}
{"level":"info","message":{"method":"PUT","timestamp":"2025-08-06T13:17:57.536Z","url":"/api/tasks/1"},"timestamp":"2025-08-06T13:17:57.536Z"}
{"level":"info","message":{"method":"PUT","timestamp":"2025-08-06T13:17:57.711Z","url":"/api/tasks/1"},"timestamp":"2025-08-06T13:17:57.711Z"}
{"level":"info","message":{"method":"PUT","timestamp":"2025-08-06T13:17:57.930Z","url":"/api/tasks/1"},"timestamp":"2025-08-06T13:17:57.930Z"}
{"level":"info","message":{"method":"PUT","timestamp":"2025-08-06T13:17:58.480Z","url":"/api/tasks/1"},"timestamp":"2025-08-06T13:17:58.480Z"}
{"level":"info","message":{"method":"PUT","timestamp":"2025-08-06T13:17:58.677Z","url":"/api/tasks/1"},"timestamp":"2025-08-06T13:17:58.677Z"}
{"level":"info","message":{"method":"PUT","timestamp":"2025-08-06T13:17:58.905Z","url":"/api/tasks/1"},"timestamp":"2025-08-06T13:17:58.905Z"}
{"level":"info","message":{"method":"PUT","timestamp":"2025-08-06T13:17:59.724Z","url":"/api/tasks/1"},"timestamp":"2025-08-06T13:17:59.724Z"}
{"level":"info","message":{"method":"PUT","timestamp":"2025-08-06T13:17:59.889Z","url":"/api/tasks/1"},"timestamp":"2025-08-06T13:17:59.889Z"}
{"level":"info","message":{"method":"PUT","timestamp":"2025-08-06T13:18:00.108Z","url":"/api/tasks/1"},"timestamp":"2025-08-06T13:18:00.108Z"}
{"level":"info","message":{"method":"OPTIONS","timestamp":"2025-08-06T13:19:46.327Z","url":"/api/tasks/1"},"timestamp":"2025-08-06T13:19:46.327Z"}
{"level":"info","message":{"method":"PUT","timestamp":"2025-08-06T13:19:46.338Z","url":"/api/tasks/1"},"timestamp":"2025-08-06T13:19:46.338Z"}
{"level":"info","message":{"method":"GET","timestamp":"2025-08-06T13:20:03.186Z","url":"/api/tasks"},"timestamp":"2025-08-06T13:20:03.186Z"}
{"level":"info","message":{"method":"OPTIONS","timestamp":"2025-08-06T13:20:13.326Z","url":"/api/tasks/1"},"timestamp":"2025-08-06T13:20:13.326Z"}
{"level":"info","message":{"method":"PUT","timestamp":"2025-08-06T13:20:13.330Z","url":"/api/tasks/1"},"timestamp":"2025-08-06T13:20:13.330Z"}
{"level":"info","message":{"method":"PUT","timestamp":"2025-08-06T13:20:14.371Z","url":"/api/tasks/1"},"timestamp":"2025-08-06T13:20:14.371Z"}
{"level":"info","message":{"method":"PUT","timestamp":"2025-08-06T13:20:15.355Z","url":"/api/tasks/1"},"timestamp":"2025-08-06T13:20:15.355Z"}
{"level":"info","message":{"method":"PUT","timestamp":"2025-08-06T13:20:15.528Z","url":"/api/tasks/1"},"timestamp":"2025-08-06T13:20:15.528Z"}
{"level":"info","message":{"method":"PUT","timestamp":"2025-08-06T13:20:15.700Z","url":"/api/tasks/1"},"timestamp":"2025-08-06T13:20:15.700Z"}
{"level":"info","message":{"method":"PUT","timestamp":"2025-08-06T13:20:15.857Z","url":"/api/tasks/1"},"timestamp":"2025-08-06T13:20:15.857Z"}
{"level":"info","message":{"method":"PUT","timestamp":"2025-08-06T13:20:16.046Z","url":"/api/tasks/1"},"timestamp":"2025-08-06T13:20:16.046Z"}
{"level":"info","message":{"method":"PUT","timestamp":"2025-08-06T13:20:16.270Z","url":"/api/tasks/1"},"timestamp":"2025-08-06T13:20:16.270Z"}
{"level":"info","message":{"method":"GET","timestamp":"2025-08-06T13:21:27.694Z","url":"/api/tasks"},"timestamp":"2025-08-06T13:21:27.703Z"}
{"level":"info","message":{"method":"OPTIONS","timestamp":"2025-08-06T13:21:32.080Z","url":"/api/tasks/1"},"timestamp":"2025-08-06T13:21:32.083Z"}
{"level":"info","message":{"method":"PUT","timestamp":"2025-08-06T13:21:32.117Z","url":"/api/tasks/1"},"timestamp":"2025-08-06T13:21:32.117Z"}
{"level":"info","message":{"method":"OPTIONS","timestamp":"2025-08-06T13:21:50.676Z","url":"/api/tasks/1"},"timestamp":"2025-08-06T13:21:50.676Z"}
{"level":"info","message":{"method":"PUT","timestamp":"2025-08-06T13:21:50.685Z","url":"/api/tasks/1"},"timestamp":"2025-08-06T13:21:50.685Z"}
{"level":"info","message":{"method":"GET","timestamp":"2025-08-06T13:25:05.042Z","url":"/api/tasks"},"timestamp":"2025-08-06T13:25:05.042Z"}
{"level":"info","message":{"method":"GET","timestamp":"2025-08-06T13:25:06.522Z","url":"/api/tasks"},"timestamp":"2025-08-06T13:25:06.522Z"}
{"level":"info","message":{"method":"GET","timestamp":"2025-08-06T13:26:18.815Z","url":"/api/tasks"},"timestamp":"2025-08-06T13:26:18.818Z"}
{"level":"info","message":{"method":"GET","timestamp":"2025-08-06T13:26:41.634Z","url":"/"},"timestamp":"2025-08-06T13:26:41.634Z"}
{"level":"info","message":{"method":"GET","timestamp":"2025-08-06T13:27:11.760Z","url":"/api/tasks"},"timestamp":"2025-08-06T13:27:11.760Z"}
{"level":"info","message":{"method":"GET","timestamp":"2025-08-06T13:27:21.170Z","url":"/api/tasks"},"timestamp":"2025-08-06T13:27:21.170Z"}
{"level":"info","message":{"method":"OPTIONS","timestamp":"2025-08-06T13:30:26.015Z","url":"/api/tasks/1"},"timestamp":"2025-08-06T13:30:26.020Z"}
{"level":"info","message":{"method":"DELETE","timestamp":"2025-08-06T13:30:26.032Z","url":"/api/tasks/1"},"timestamp":"2025-08-06T13:30:26.032Z"}
{"level":"info","message":{"method":"OPTIONS","timestamp":"2025-08-06T13:35:03.402Z","url":"/api/tasks"},"timestamp":"2025-08-06T13:35:03.402Z"}
{"level":"info","message":{"method":"POST","timestamp":"2025-08-06T13:35:03.443Z","url":"/api/tasks"},"timestamp":"2025-08-06T13:35:03.443Z"}
{"level":"info","message":{"method":"OPTIONS","timestamp":"2025-08-06T13:35:19.824Z","url":"/api/tasks/2"},"timestamp":"2025-08-06T13:35:19.824Z"}
{"level":"info","message":{"method":"PUT","timestamp":"2025-08-06T13:35:19.829Z","url":"/api/tasks/2"},"timestamp":"2025-08-06T13:35:19.829Z"}
{"level":"info","message":{"method":"PUT","timestamp":"2025-08-06T13:35:23.397Z","url":"/api/tasks/2"},"timestamp":"2025-08-06T13:35:23.397Z"}
{"level":"info","message":{"method":"OPTIONS","timestamp":"2025-08-06T13:35:27.469Z","url":"/api/tasks/2"},"timestamp":"2025-08-06T13:35:27.469Z"}
{"level":"info","message":{"method":"PUT","timestamp":"2025-08-06T13:35:27.480Z","url":"/api/tasks/2"},"timestamp":"2025-08-06T13:35:27.480Z"}
{"level":"info","message":{"method":"GET","timestamp":"2025-08-06T13:38:34.168Z","url":"/api/tasks"},"timestamp":"2025-08-06T13:38:34.168Z"}
{"level":"info","message":{"method":"OPTIONS","timestamp":"2025-08-06T13:38:36.696Z","url":"/api/tasks/2"},"timestamp":"2025-08-06T13:38:36.696Z"}
{"level":"info","message":{"method":"DELETE","timestamp":"2025-08-06T13:38:36.704Z","url":"/api/tasks/2"},"timestamp":"2025-08-06T13:38:36.704Z"}
{"level":"info","message":{"method":"OPTIONS","timestamp":"2025-08-06T13:38:52.333Z","url":"/api/tasks"},"timestamp":"2025-08-06T13:38:52.333Z"}
{"level":"info","message":{"method":"POST","timestamp":"2025-08-06T13:38:52.338Z","url":"/api/tasks"},"timestamp":"2025-08-06T13:38:52.338Z"}
{"level":"info","message":{"method":"GET","timestamp":"2025-08-06T13:39:13.191Z","url":"/"},"timestamp":"2025-08-06T13:39:13.191Z"}
{"level":"info","message":{"method":"GET","timestamp":"2025-08-06T13:39:16.411Z","url":"/api/tasks"},"timestamp":"2025-08-06T13:39:16.411Z"}
{"level":"info","message":{"method":"GET","timestamp":"2025-08-06T13:39:17.341Z","url":"/api/tasks"},"timestamp":"2025-08-06T13:39:17.341Z"}
{"level":"info","message":{"method":"OPTIONS","timestamp":"2025-08-06T13:39:45.310Z","url":"/api/tasks/3"},"timestamp":"2025-08-06T13:39:45.311Z"}
{"level":"info","message":{"method":"PUT","timestamp":"2025-08-06T13:39:45.315Z","url":"/api/tasks/3"},"timestamp":"2025-08-06T13:39:45.315Z"}
{"level":"info","message":{"method":"OPTIONS","timestamp":"2025-08-06T13:39:58.392Z","url":"/api/tasks/3"},"timestamp":"2025-08-06T13:39:58.392Z"}
{"level":"info","message":{"method":"PUT","timestamp":"2025-08-06T13:39:58.396Z","url":"/api/tasks/3"},"timestamp":"2025-08-06T13:39:58.396Z"}
{"level":"info","message":{"method":"OPTIONS","timestamp":"2025-08-06T13:40:08.712Z","url":"/api/tasks"},"timestamp":"2025-08-06T13:40:08.712Z"}
{"level":"info","message":{"method":"POST","timestamp":"2025-08-06T13:40:08.718Z","url":"/api/tasks"},"timestamp":"2025-08-06T13:40:08.718Z"}
{"level":"info","message":{"method":"GET","timestamp":"2025-08-06T13:42:33.612Z","url":"/api/tasks"},"timestamp":"2025-08-06T13:42:33.612Z"}
{"level":"info","message":{"method":"GET","timestamp":"2025-08-06T13:43:33.402Z","url":"/api/tasks"},"timestamp":"2025-08-06T13:43:33.402Z"}
{"level":"info","message":{"method":"GET","timestamp":"2025-08-06T13:48:10.653Z","url":"/"},"timestamp":"2025-08-06T13:48:10.660Z"}
{"level":"info","message":{"method":"GET","timestamp":"2025-08-06T13:48:16.864Z","url":"/api/tasks"},"timestamp":"2025-08-06T13:48:16.864Z"}
{"level":"info","message":{"method":"GET","timestamp":"2025-08-06T13:48:18.126Z","url":"/api/tasks"},"timestamp":"2025-08-06T13:48:18.126Z"}
{"level":"info","message":{"method":"GET","timestamp":"2025-08-06T13:48:18.247Z","url":"/api/tasks"},"timestamp":"2025-08-06T13:48:18.247Z"}
{"level":"info","message":{"method":"GET","timestamp":"2025-08-06T13:48:18.472Z","url":"/api/tasks"},"timestamp":"2025-08-06T13:48:18.473Z"}
{"level":"info","message":{"method":"GET","timestamp":"2025-08-06T13:48:18.970Z","url":"/api/tasks"},"timestamp":"2025-08-06T13:48:18.970Z"}
{"level":"info","message":{"method":"GET","timestamp":"2025-08-06T13:48:19.112Z","url":"/api/tasks"},"timestamp":"2025-08-06T13:48:19.112Z"}
{"level":"info","message":{"method":"GET","timestamp":"2025-08-06T13:48:19.235Z","url":"/api/tasks"},"timestamp":"2025-08-06T13:48:19.235Z"}
{"level":"info","message":{"method":"GET","timestamp":"2025-08-06T13:48:19.428Z","url":"/api/tasks"},"timestamp":"2025-08-06T13:48:19.428Z"}
{"level":"info","message":{"method":"GET","timestamp":"2025-08-06T13:48:19.554Z","url":"/api/tasks"},"timestamp":"2025-08-06T13:48:19.554Z"}
{"level":"info","message":{"method":"GET","timestamp":"2025-08-06T13:48:19.699Z","url":"/api/tasks"},"timestamp":"2025-08-06T13:48:19.699Z"}
{"level":"info","message":{"method":"GET","timestamp":"2025-08-06T13:48:19.933Z","url":"/api/tasks"},"timestamp":"2025-08-06T13:48:19.933Z"}
{"level":"info","message":{"method":"GET","timestamp":"2025-08-06T13:49:04.529Z","url":"/api/tasks"},"timestamp":"2025-08-06T13:49:04.529Z"}
{"level":"info","message":{"method":"GET","timestamp":"2025-08-06T13:49:05.597Z","url":"/api/tasks"},"timestamp":"2025-08-06T13:49:05.597Z"}
{"level":"info","message":{"method":"GET","timestamp":"2025-08-06T13:49:05.820Z","url":"/api/tasks"},"timestamp":"2025-08-06T13:49:05.821Z"}
{"level":"info","message":{"method":"GET","timestamp":"2025-08-06T13:49:16.974Z","url":"/api/tasks"},"timestamp":"2025-08-06T13:49:16.974Z"}
{"level":"info","message":{"method":"OPTIONS","timestamp":"2025-08-06T13:49:26.540Z","url":"/api/tasks/4"},"timestamp":"2025-08-06T13:49:26.540Z"}
{"level":"info","message":{"method":"DELETE","timestamp":"2025-08-06T13:49:26.551Z","url":"/api/tasks/4"},"timestamp":"2025-08-06T13:49:26.551Z"}
{"level":"info","message":{"method":"OPTIONS","timestamp":"2025-08-06T13:49:27.563Z","url":"/api/tasks/3"},"timestamp":"2025-08-06T13:49:27.563Z"}
{"level":"info","message":{"method":"DELETE","timestamp":"2025-08-06T13:49:27.572Z","url":"/api/tasks/3"},"timestamp":"2025-08-06T13:49:27.572Z"}
{"level":"info","message":{"method":"OPTIONS","timestamp":"2025-08-06T13:49:41.857Z","url":"/api/tasks"},"timestamp":"2025-08-06T13:49:41.857Z"}
{"level":"info","message":{"method":"POST","timestamp":"2025-08-06T13:49:41.882Z","url":"/api/tasks"},"timestamp":"2025-08-06T13:49:41.882Z"}
{"level":"info","message":{"method":"GET","timestamp":"2025-08-06T13:53:12.878Z","url":"/api/tasks"},"timestamp":"2025-08-06T13:53:12.878Z"}
{"level":"info","message":{"method":"GET","timestamp":"2025-08-06T13:53:33.207Z","url":"/api/tasks"},"timestamp":"2025-08-06T13:53:33.208Z"}
{"level":"info","message":{"method":"GET","timestamp":"2025-08-06T13:57:08.298Z","url":"/"},"timestamp":"2025-08-06T13:57:08.306Z"}
{"level":"info","message":{"method":"GET","timestamp":"2025-08-06T13:57:22.300Z","url":"/api/tasks"},"timestamp":"2025-08-06T13:57:22.300Z"}
{"level":"info","message":{"method":"GET","timestamp":"2025-08-06T13:57:34.714Z","url":"/api/tasks"},"timestamp":"2025-08-06T13:57:34.714Z"}
{"level":"info","message":{"method":"OPTIONS","timestamp":"2025-08-06T13:59:37.657Z","url":"/api/tasks"},"timestamp":"2025-08-06T13:59:37.657Z"}
{"level":"info","message":{"method":"POST","timestamp":"2025-08-06T13:59:37.720Z","url":"/api/tasks"},"timestamp":"2025-08-06T13:59:37.720Z"}
{"level":"info","message":{"method":"GET","timestamp":"2025-08-06T14:13:11.151Z","url":"/"},"timestamp":"2025-08-06T14:13:11.158Z"}
{"level":"info","message":{"method":"GET","timestamp":"2025-08-06T14:13:12.071Z","url":"/"},"timestamp":"2025-08-06T14:13:12.071Z"}
{"level":"info","message":{"method":"GET","timestamp":"2025-08-06T14:13:12.299Z","url":"/"},"timestamp":"2025-08-06T14:13:12.299Z"}
{"level":"info","message":{"method":"GET","timestamp":"2025-08-06T14:19:20.352Z","url":"/api/tasks"},"timestamp":"2025-08-06T14:19:20.352Z"}
{"level":"info","message":{"method":"OPTIONS","timestamp":"2025-08-06T14:19:53.791Z","url":"/api/tasks/6"},"timestamp":"2025-08-06T14:19:53.791Z"}
{"level":"info","message":{"method":"DELETE","timestamp":"2025-08-06T14:19:53.803Z","url":"/api/tasks/6"},"timestamp":"2025-08-06T14:19:53.804Z"}
{"level":"info","message":{"method":"OPTIONS","timestamp":"2025-08-06T14:19:55.212Z","url":"/api/tasks/5"},"timestamp":"2025-08-06T14:19:55.212Z"}
{"level":"info","message":{"method":"DELETE","timestamp":"2025-08-06T14:19:55.225Z","url":"/api/tasks/5"},"timestamp":"2025-08-06T14:19:55.225Z"}
{"level":"info","message":{"method":"OPTIONS","timestamp":"2025-08-06T14:20:28.951Z","url":"/api/tasks"},"timestamp":"2025-08-06T14:20:28.952Z"}
{"level":"info","message":{"method":"POST","timestamp":"2025-08-06T14:20:29.028Z","url":"/api/tasks"},"timestamp":"2025-08-06T14:20:29.028Z"}
{"level":"info","message":{"method":"OPTIONS","timestamp":"2025-08-06T14:20:30.606Z","url":"/api/tasks/7"},"timestamp":"2025-08-06T14:20:30.606Z"}
{"level":"info","message":{"method":"PUT","timestamp":"2025-08-06T14:20:30.610Z","url":"/api/tasks/7"},"timestamp":"2025-08-06T14:20:30.610Z"}
{"level":"info","message":{"method":"PUT","timestamp":"2025-08-06T14:20:31.790Z","url":"/api/tasks/7"},"timestamp":"2025-08-06T14:20:31.790Z"}
{"level":"info","message":{"method":"PUT","timestamp":"2025-08-06T14:20:32.127Z","url":"/api/tasks/7"},"timestamp":"2025-08-06T14:20:32.127Z"}
{"level":"info","message":{"method":"PUT","timestamp":"2025-08-06T14:20:32.305Z","url":"/api/tasks/7"},"timestamp":"2025-08-06T14:20:32.305Z"}
{"level":"info","message":{"method":"PUT","timestamp":"2025-08-06T14:20:32.490Z","url":"/api/tasks/7"},"timestamp":"2025-08-06T14:20:32.490Z"}
{"level":"info","message":{"method":"PUT","timestamp":"2025-08-06T14:20:34.773Z","url":"/api/tasks/7"},"timestamp":"2025-08-06T14:20:34.773Z"}
{"level":"info","message":{"method":"OPTIONS","timestamp":"2025-08-06T14:20:35.953Z","url":"/api/tasks/7"},"timestamp":"2025-08-06T14:20:35.953Z"}
{"level":"info","message":{"method":"PUT","timestamp":"2025-08-06T14:20:35.956Z","url":"/api/tasks/7"},"timestamp":"2025-08-06T14:20:35.956Z"}
{"level":"info","message":{"method":"PUT","timestamp":"2025-08-06T14:20:37.743Z","url":"/api/tasks/7"},"timestamp":"2025-08-06T14:20:37.743Z"}
{"level":"info","message":{"method":"GET","timestamp":"2025-08-06T14:22:24.875Z","url":"/api/tasks"},"timestamp":"2025-08-06T14:22:24.875Z"}
{"level":"info","message":{"method":"GET","timestamp":"2025-08-06T14:25:03.190Z","url":"/api/tasks"},"timestamp":"2025-08-06T14:25:03.190Z"}
{"level":"info","message":{"method":"GET","timestamp":"2025-08-06T14:26:35.286Z","url":"/api/tasks"},"timestamp":"2025-08-06T14:26:35.290Z"}
{"level":"info","message":{"method":"GET","timestamp":"2025-08-06T14:26:40.396Z","url":"/api/tasks"},"timestamp":"2025-08-06T14:26:40.396Z"}
{"level":"info","message":{"method":"GET","timestamp":"2025-08-06T14:26:41.194Z","url":"/api/tasks"},"timestamp":"2025-08-06T14:26:41.194Z"}
{"level":"info","message":{"method":"GET","timestamp":"2025-08-06T14:26:41.420Z","url":"/api/tasks"},"timestamp":"2025-08-06T14:26:41.420Z"}
{"level":"info","message":{"method":"GET","timestamp":"2025-08-06T14:26:41.840Z","url":"/api/tasks"},"timestamp":"2025-08-06T14:26:41.840Z"}
{"level":"info","message":{"method":"GET","timestamp":"2025-08-06T14:26:42.036Z","url":"/api/tasks"},"timestamp":"2025-08-06T14:26:42.036Z"}
{"level":"info","message":{"method":"GET","timestamp":"2025-08-06T14:26:42.888Z","url":"/api/tasks"},"timestamp":"2025-08-06T14:26:42.888Z"}
{"level":"info","message":{"method":"GET","timestamp":"2025-08-06T14:26:43.114Z","url":"/api/tasks"},"timestamp":"2025-08-06T14:26:43.114Z"}
{"level":"info","message":{"method":"GET","timestamp":"2025-08-06T14:27:06.955Z","url":"/api/tasks"},"timestamp":"2025-08-06T14:27:06.955Z"}
{"level":"info","message":{"method":"OPTIONS","timestamp":"2025-08-06T14:27:12.328Z","url":"/api/tasks/7"},"timestamp":"2025-08-06T14:27:12.328Z"}
{"level":"info","message":{"method":"PUT","timestamp":"2025-08-06T14:27:12.360Z","url":"/api/tasks/7"},"timestamp":"2025-08-06T14:27:12.360Z"}
{"level":"info","message":{"method":"DELETE","timestamp":"2025-08-06T14:27:15.330Z","url":"/api/tasks/7"},"timestamp":"2025-08-06T14:27:15.330Z"}
{"level":"info","message":{"method":"OPTIONS","timestamp":"2025-08-06T14:28:27.199Z","url":"/api/tasks"},"timestamp":"2025-08-06T14:28:27.199Z"}
{"level":"info","message":{"method":"POST","timestamp":"2025-08-06T14:28:27.214Z","url":"/api/tasks"},"timestamp":"2025-08-06T14:28:27.214Z"}
{"level":"info","message":{"method":"GET","timestamp":"2025-08-06T14:59:27.237Z","url":"/api/tasks"},"timestamp":"2025-08-06T14:59:27.237Z"}
{"level":"info","message":{"method":"GET","timestamp":"2025-08-06T15:11:36.922Z","url":"/api/tasks"},"timestamp":"2025-08-06T15:11:36.922Z"}
{"level":"info","message":{"method":"GET","timestamp":"2025-08-06T15:29:59.876Z","url":"/api/tasks"},"timestamp":"2025-08-06T15:29:59.877Z"}
{"level":"info","message":{"method":"GET","timestamp":"2025-08-06T15:37:30.459Z","url":"/api/tasks"},"timestamp":"2025-08-06T15:37:30.459Z"}
{"level":"info","message":{"method":"GET","timestamp":"2025-08-06T15:45:51.172Z","url":"/api/tasks"},"timestamp":"2025-08-06T15:45:51.172Z"}
{"level":"info","message":{"method":"GET","timestamp":"2025-08-06T15:48:07.910Z","url":"/"},"timestamp":"2025-08-06T15:48:07.914Z"}
{"level":"info","message":{"method":"GET","timestamp":"2025-08-06T15:48:17.304Z","url":"/api/tasks"},"timestamp":"2025-08-06T15:48:17.304Z"}
{"level":"info","message":{"method":"GET","timestamp":"2025-08-06T15:49:26.826Z","url":"/api/tasks"},"timestamp":"2025-08-06T15:49:26.826Z"}
{"level":"info","message":{"method":"GET","timestamp":"2025-08-06T15:51:10.860Z","url":"/api/tasks"},"timestamp":"2025-08-06T15:51:10.860Z"}
{"level":"info","message":{"method":"GET","timestamp":"2025-08-06T15:57:47.534Z","url":"/api/tasks"},"timestamp":"2025-08-06T15:57:47.534Z"}
{"level":"info","message":{"method":"OPTIONS","timestamp":"2025-08-06T15:58:52.308Z","url":"/api/tasks"},"timestamp":"2025-08-06T15:58:52.308Z"}
{"level":"info","message":{"method":"POST","timestamp":"2025-08-06T15:58:52.349Z","url":"/api/tasks"},"timestamp":"2025-08-06T15:58:52.349Z"}
{"level":"info","message":{"method":"GET","timestamp":"2025-08-06T16:01:24.170Z","url":"/api/tasks"},"timestamp":"2025-08-06T16:01:24.170Z"}
{"level":"info","message":{"method":"GET","timestamp":"2025-08-06T16:01:30.628Z","url":"/api/tasks"},"timestamp":"2025-08-06T16:01:30.628Z"}
{"level":"info","message":{"method":"GET","timestamp":"2025-08-06T16:01:30.851Z","url":"/api/tasks"},"timestamp":"2025-08-06T16:01:30.851Z"}
{"level":"info","message":{"method":"GET","timestamp":"2025-08-06T16:01:31.276Z","url":"/api/tasks"},"timestamp":"2025-08-06T16:01:31.276Z"}
{"level":"info","message":{"method":"GET","timestamp":"2025-08-06T16:01:31.507Z","url":"/api/tasks"},"timestamp":"2025-08-06T16:01:31.507Z"}
{"level":"info","message":{"method":"GET","timestamp":"2025-08-06T16:01:48.694Z","url":"/api/tasks"},"timestamp":"2025-08-06T16:01:48.694Z"}
{"level":"info","message":{"method":"GET","timestamp":"2025-08-06T16:03:03.791Z","url":"/api/tasks"},"timestamp":"2025-08-06T16:03:03.791Z"}
{"level":"info","message":{"method":"OPTIONS","timestamp":"2025-08-06T16:04:14.234Z","url":"/api/tasks/9"},"timestamp":"2025-08-06T16:04:14.234Z"}
{"level":"info","message":{"method":"PUT","timestamp":"2025-08-06T16:04:14.239Z","url":"/api/tasks/9"},"timestamp":"2025-08-06T16:04:14.239Z"}
{"level":"info","message":{"method":"GET","timestamp":"2025-08-06T16:05:06.097Z","url":"/api/tasks"},"timestamp":"2025-08-06T16:05:06.097Z"}
{"level":"info","message":{"method":"GET","timestamp":"2025-08-06T16:06:51.736Z","url":"/api/tasks"},"timestamp":"2025-08-06T16:06:51.736Z"}
{"level":"info","message":{"method":"GET","timestamp":"2025-08-06T16:06:52.684Z","url":"/api/tasks"},"timestamp":"2025-08-06T16:06:52.684Z"}
{"level":"info","message":{"method":"GET","timestamp":"2025-08-06T16:06:52.842Z","url":"/api/tasks"},"timestamp":"2025-08-06T16:06:52.842Z"}
{"level":"info","message":{"method":"GET","timestamp":"2025-08-06T16:06:53.009Z","url":"/api/tasks"},"timestamp":"2025-08-06T16:06:53.009Z"}
{"level":"info","message":{"method":"GET","timestamp":"2025-08-06T16:06:53.125Z","url":"/api/tasks"},"timestamp":"2025-08-06T16:06:53.125Z"}
{"level":"info","message":{"method":"GET","timestamp":"2025-08-06T16:06:53.261Z","url":"/api/tasks"},"timestamp":"2025-08-06T16:06:53.261Z"}
{"level":"info","message":{"method":"GET","timestamp":"2025-08-06T16:06:53.483Z","url":"/api/tasks"},"timestamp":"2025-08-06T16:06:53.483Z"}
{"level":"info","message":{"method":"GET","timestamp":"2025-08-06T16:08:14.763Z","url":"/api/tasks"},"timestamp":"2025-08-06T16:08:14.763Z"}
{"level":"info","message":{"method":"GET","timestamp":"2025-08-06T16:08:28.756Z","url":"/api/tasks"},"timestamp":"2025-08-06T16:08:28.756Z"}
{"level":"info","message":{"method":"GET","timestamp":"2025-08-06T16:11:03.951Z","url":"/api/tasks"},"timestamp":"2025-08-06T16:11:03.951Z"}
{"level":"info","message":{"method":"GET","timestamp":"2025-08-06T16:11:10.460Z","url":"/api/tasks"},"timestamp":"2025-08-06T16:11:10.460Z"}
{"level":"info","message":{"method":"OPTIONS","timestamp":"2025-08-06T16:11:27.443Z","url":"/api/tasks"},"timestamp":"2025-08-06T16:11:27.443Z"}
{"level":"info","message":{"method":"POST","timestamp":"2025-08-06T16:11:27.447Z","url":"/api/tasks"},"timestamp":"2025-08-06T16:11:27.447Z"}
{"level":"info","message":{"method":"OPTIONS","timestamp":"2025-08-06T16:11:31.504Z","url":"/api/tasks/10"},"timestamp":"2025-08-06T16:11:31.504Z"}
{"level":"info","message":{"method":"PUT","timestamp":"2025-08-06T16:11:31.521Z","url":"/api/tasks/10"},"timestamp":"2025-08-06T16:11:31.521Z"}
{"level":"info","message":{"method":"OPTIONS","timestamp":"2025-08-06T16:11:52.736Z","url":"/api/tasks/10"},"timestamp":"2025-08-06T16:11:52.736Z"}
{"level":"info","message":{"method":"PUT","timestamp":"2025-08-06T16:11:52.739Z","url":"/api/tasks/10"},"timestamp":"2025-08-06T16:11:52.739Z"}
{"level":"info","message":{"method":"PUT","timestamp":"2025-08-06T16:11:55.958Z","url":"/api/tasks/10"},"timestamp":"2025-08-06T16:11:55.958Z"}
{"level":"info","message":{"method":"OPTIONS","timestamp":"2025-08-06T16:12:06.741Z","url":"/api/tasks/10"},"timestamp":"2025-08-06T16:12:06.741Z"}
{"level":"info","message":{"method":"PUT","timestamp":"2025-08-06T16:12:06.746Z","url":"/api/tasks/10"},"timestamp":"2025-08-06T16:12:06.746Z"}
{"level":"info","message":{"method":"OPTIONS","timestamp":"2025-08-06T16:12:30.826Z","url":"/api/tasks/10"},"timestamp":"2025-08-06T16:12:30.826Z"}
{"level":"info","message":{"method":"PUT","timestamp":"2025-08-06T16:12:30.829Z","url":"/api/tasks/10"},"timestamp":"2025-08-06T16:12:30.829Z"}
{"level":"info","message":{"method":"GET","timestamp":"2025-08-06T16:15:29.942Z","url":"/"},"timestamp":"2025-08-06T16:15:29.942Z"}
{"level":"info","message":{"method":"OPTIONS","timestamp":"2025-08-06T16:15:59.706Z","url":"/api/tasks"},"timestamp":"2025-08-06T16:15:59.706Z"}
{"level":"info","message":{"method":"POST","timestamp":"2025-08-06T16:15:59.711Z","url":"/api/tasks"},"timestamp":"2025-08-06T16:15:59.711Z"}
{"level":"info","message":{"method":"OPTIONS","timestamp":"2025-08-06T16:16:53.816Z","url":"/api/tasks/11"},"timestamp":"2025-08-06T16:16:53.816Z"}
{"level":"info","message":{"method":"DELETE","timestamp":"2025-08-06T16:16:53.828Z","url":"/api/tasks/11"},"timestamp":"2025-08-06T16:16:53.828Z"}
{"level":"info","message":{"method":"OPTIONS","timestamp":"2025-08-06T16:16:55.950Z","url":"/api/tasks/10"},"timestamp":"2025-08-06T16:16:55.950Z"}
{"level":"info","message":{"method":"DELETE","timestamp":"2025-08-06T16:16:55.953Z","url":"/api/tasks/10"},"timestamp":"2025-08-06T16:16:55.953Z"}
{"level":"info","message":{"method":"OPTIONS","timestamp":"2025-08-06T16:16:57.960Z","url":"/api/tasks/8"},"timestamp":"2025-08-06T16:16:57.960Z"}
{"level":"info","message":{"method":"DELETE","timestamp":"2025-08-06T16:16:57.966Z","url":"/api/tasks/8"},"timestamp":"2025-08-06T16:16:57.966Z"}
{"level":"info","message":{"method":"OPTIONS","timestamp":"2025-08-06T16:17:00.153Z","url":"/api/tasks/9"},"timestamp":"2025-08-06T16:17:00.153Z"}
{"level":"info","message":{"method":"DELETE","timestamp":"2025-08-06T16:17:00.156Z","url":"/api/tasks/9"},"timestamp":"2025-08-06T16:17:00.156Z"}
{"level":"info","message":{"method":"GET","timestamp":"2025-08-06T16:17:09.477Z","url":"/"},"timestamp":"2025-08-06T16:17:09.477Z"}
{"level":"info","message":{"method":"GET","timestamp":"2025-08-06T16:18:44.262Z","url":"/"},"timestamp":"2025-08-06T16:18:44.262Z"}
{"level":"info","message":{"method":"GET","timestamp":"2025-08-06T16:19:19.226Z","url":"/"},"timestamp":"2025-08-06T16:19:19.235Z"}
{"level":"info","message":{"method":"GET","timestamp":"2025-08-06T16:19:24.383Z","url":"/"},"timestamp":"2025-08-06T16:19:24.383Z"}
{"level":"info","message":{"method":"GET","timestamp":"2025-08-06T16:21:37.249Z","url":"/"},"timestamp":"2025-08-06T16:21:37.257Z"}
{"level":"info","message":{"method":"GET","timestamp":"2025-08-06T16:23:07.378Z","url":"/api/tasks"},"timestamp":"2025-08-06T16:23:07.379Z"}
{"level":"info","message":{"method":"GET","timestamp":"2025-08-06T16:23:16.136Z","url":"/"},"timestamp":"2025-08-06T16:23:16.136Z"}
{"level":"info","message":{"method":"OPTIONS","timestamp":"2025-08-06T16:23:36.250Z","url":"/api/tasks"},"timestamp":"2025-08-06T16:23:36.250Z"}
{"level":"info","message":{"method":"POST","timestamp":"2025-08-06T16:23:36.289Z","url":"/api/tasks"},"timestamp":"2025-08-06T16:23:36.289Z"}
{"level":"info","message":{"method":"GET","timestamp":"2025-08-06T16:23:47.576Z","url":"/"},"timestamp":"2025-08-06T16:23:47.576Z"}
{"level":"info","message":{"method":"GET","timestamp":"2025-08-06T16:23:48.301Z","url":"/"},"timestamp":"2025-08-06T16:23:48.301Z"}
{"level":"info","message":{"method":"GET","timestamp":"2025-08-06T16:23:48.451Z","url":"/"},"timestamp":"2025-08-06T16:23:48.451Z"}
{"level":"info","message":{"method":"GET","timestamp":"2025-08-06T16:23:48.656Z","url":"/"},"timestamp":"2025-08-06T16:23:48.656Z"}
{"level":"info","message":{"method":"GET","timestamp":"2025-08-06T16:25:27.569Z","url":"/"},"timestamp":"2025-08-06T16:25:27.569Z"}
{"level":"info","message":{"method":"GET","timestamp":"2025-08-06T16:25:28.224Z","url":"/"},"timestamp":"2025-08-06T16:25:28.224Z"}
{"level":"info","message":{"method":"GET","timestamp":"2025-08-06T16:25:28.412Z","url":"/"},"timestamp":"2025-08-06T16:25:28.412Z"}
{"level":"info","message":{"method":"GET","timestamp":"2025-08-06T16:25:28.581Z","url":"/"},"timestamp":"2025-08-06T16:25:28.581Z"}
{"level":"info","message":{"method":"GET","timestamp":"2025-08-06T16:25:28.808Z","url":"/"},"timestamp":"2025-08-06T16:25:28.808Z"}
{"level":"info","message":{"method":"GET","timestamp":"2025-08-07T04:37:36.996Z","url":"/api/tasks"},"timestamp":"2025-08-07T04:37:37.001Z"}
{"level":"info","message":{"method":"GET","timestamp":"2025-08-07T04:40:53.020Z","url":"/api/tasks"},"timestamp":"2025-08-07T04:40:53.020Z"}
{"level":"info","message":{"method":"OPTIONS","timestamp":"2025-08-07T04:41:16.147Z","url":"/api/tasks"},"timestamp":"2025-08-07T04:41:16.147Z"}
{"level":"info","message":{"method":"POST","timestamp":"2025-08-07T04:41:16.206Z","url":"/api/tasks"},"timestamp":"2025-08-07T04:41:16.206Z"}
{"level":"info","message":{"method":"OPTIONS","timestamp":"2025-08-07T04:41:18.729Z","url":"/api/tasks/13"},"timestamp":"2025-08-07T04:41:18.729Z"}
{"level":"info","message":{"method":"PUT","timestamp":"2025-08-07T04:41:18.735Z","url":"/api/tasks/13"},"timestamp":"2025-08-07T04:41:18.735Z"}
{"level":"info","message":{"method":"OPTIONS","timestamp":"2025-08-07T04:41:26.167Z","url":"/api/tasks/13"},"timestamp":"2025-08-07T04:41:26.167Z"}
{"level":"info","message":{"method":"DELETE","timestamp":"2025-08-07T04:41:26.171Z","url":"/api/tasks/13"},"timestamp":"2025-08-07T04:41:26.171Z"}
{"level":"info","message":{"method":"GET","timestamp":"2025-08-07T05:12:21.784Z","url":"/"},"timestamp":"2025-08-07T05:12:21.784Z"}
{"level":"info","message":{"method":"GET","timestamp":"2025-08-07T05:12:23.900Z","url":"/"},"timestamp":"2025-08-07T05:12:23.900Z"}
{"level":"info","message":{"method":"GET","timestamp":"2025-08-07T05:12:24.229Z","url":"/"},"timestamp":"2025-08-07T05:12:24.229Z"}
{"level":"info","message":{"method":"GET","timestamp":"2025-08-07T05:12:24.349Z","url":"/"},"timestamp":"2025-08-07T05:12:24.349Z"}
{"level":"info","message":{"method":"GET","timestamp":"2025-08-07T05:12:24.497Z","url":"/"},"timestamp":"2025-08-07T05:12:24.497Z"}
{"level":"info","message":{"method":"GET","timestamp":"2025-08-07T05:14:18.917Z","url":"/api/tasks"},"timestamp":"2025-08-07T05:14:18.920Z"}
{"level":"info","message":{"method":"GET","timestamp":"2025-08-07T05:14:34.401Z","url":"/"},"timestamp":"2025-08-07T05:14:34.401Z"}
{"level":"info","message":{"method":"GET","timestamp":"2025-08-07T05:15:26.131Z","url":"/api/tasks"},"timestamp":"2025-08-07T05:15:26.131Z"}
{"level":"info","message":{"method":"GET","timestamp":"2025-08-07T05:15:28.539Z","url":"/"},"timestamp":"2025-08-07T05:15:28.539Z"}
{"level":"info","message":{"method":"GET","timestamp":"2025-08-07T05:15:29.341Z","url":"/"},"timestamp":"2025-08-07T05:15:29.341Z"}
{"level":"info","message":{"method":"GET","timestamp":"2025-08-07T05:15:29.483Z","url":"/"},"timestamp":"2025-08-07T05:15:29.483Z"}
{"level":"info","message":{"method":"GET","timestamp":"2025-08-07T05:15:29.634Z","url":"/"},"timestamp":"2025-08-07T05:15:29.634Z"}
{"level":"info","message":{"method":"GET","timestamp":"2025-08-07T05:15:29.789Z","url":"/"},"timestamp":"2025-08-07T05:15:29.790Z"}
{"level":"info","message":{"method":"GET","timestamp":"2025-08-07T05:15:29.936Z","url":"/"},"timestamp":"2025-08-07T05:15:29.936Z"}
{"level":"info","message":{"method":"GET","timestamp":"2025-08-07T05:15:30.071Z","url":"/"},"timestamp":"2025-08-07T05:15:30.071Z"}
{"level":"info","message":{"method":"GET","timestamp":"2025-08-07T05:15:32.206Z","url":"/api/tasks"},"timestamp":"2025-08-07T05:15:32.206Z"}
{"level":"info","message":{"method":"GET","timestamp":"2025-08-07T05:15:32.995Z","url":"/api/tasks"},"timestamp":"2025-08-07T05:15:32.995Z"}
{"level":"info","message":{"method":"GET","timestamp":"2025-08-07T05:15:33.163Z","url":"/api/tasks"},"timestamp":"2025-08-07T05:15:33.163Z"}
{"level":"info","message":{"method":"GET","timestamp":"2025-08-07T05:15:33.292Z","url":"/api/tasks"},"timestamp":"2025-08-07T05:15:33.293Z"}
{"level":"info","message":{"method":"GET","timestamp":"2025-08-07T05:15:33.552Z","url":"/api/tasks"},"timestamp":"2025-08-07T05:15:33.552Z"}
{"level":"info","message":{"method":"GET","timestamp":"2025-08-07T05:15:33.884Z","url":"/api/tasks"},"timestamp":"2025-08-07T05:15:33.884Z"}
{"level":"info","message":{"method":"GET","timestamp":"2025-08-07T05:16:45.488Z","url":"/api/tasks"},"timestamp":"2025-08-07T05:16:45.488Z"}
{"level":"info","message":{"method":"GET","timestamp":"2025-08-07T05:17:47.917Z","url":"/api/tasks"},"timestamp":"2025-08-07T05:17:47.922Z"}
{"level":"info","message":{"method":"GET","timestamp":"2025-08-07T05:17:57.787Z","url":"/"},"timestamp":"2025-08-07T05:17:57.787Z"}
{"level":"info","message":{"method":"GET","timestamp":"2025-08-07T05:17:59.801Z","url":"/"},"timestamp":"2025-08-07T05:17:59.801Z"}
{"level":"info","message":{"method":"GET","timestamp":"2025-08-07T05:17:59.954Z","url":"/"},"timestamp":"2025-08-07T05:17:59.954Z"}
{"level":"info","message":{"method":"GET","timestamp":"2025-08-07T05:18:00.097Z","url":"/"},"timestamp":"2025-08-07T05:18:00.097Z"}
{"level":"info","message":{"method":"GET","timestamp":"2025-08-07T05:18:00.261Z","url":"/"},"timestamp":"2025-08-07T05:18:00.261Z"}
{"level":"info","message":{"method":"GET","timestamp":"2025-08-07T05:18:00.403Z","url":"/"},"timestamp":"2025-08-07T05:18:00.404Z"}
{"level":"info","message":{"method":"GET","timestamp":"2025-08-07T05:18:00.546Z","url":"/"},"timestamp":"2025-08-07T05:18:00.546Z"}
{"level":"info","message":{"method":"GET","timestamp":"2025-08-07T05:18:00.715Z","url":"/"},"timestamp":"2025-08-07T05:18:00.715Z"}
{"level":"info","message":{"method":"GET","timestamp":"2025-08-07T05:18:00.937Z","url":"/"},"timestamp":"2025-08-07T05:18:00.937Z"}
{"level":"info","message":{"method":"GET","timestamp":"2025-08-07T05:18:01.083Z","url":"/"},"timestamp":"2025-08-07T05:18:01.083Z"}
{"level":"info","message":{"method":"GET","timestamp":"2025-08-07T05:18:01.250Z","url":"/"},"timestamp":"2025-08-07T05:18:01.250Z"}
{"level":"info","message":{"method":"GET","timestamp":"2025-08-07T05:18:01.425Z","url":"/"},"timestamp":"2025-08-07T05:18:01.425Z"}
{"level":"info","message":{"method":"GET","timestamp":"2025-08-07T05:18:01.635Z","url":"/"},"timestamp":"2025-08-07T05:18:01.635Z"}
{"level":"info","message":{"method":"GET","timestamp":"2025-08-07T05:18:01.784Z","url":"/"},"timestamp":"2025-08-07T05:18:01.784Z"}
{"level":"info","message":{"method":"GET","timestamp":"2025-08-07T05:18:01.953Z","url":"/"},"timestamp":"2025-08-07T05:18:01.953Z"}
{"level":"info","message":{"method":"GET","timestamp":"2025-08-07T05:19:25.512Z","url":"/api/tasks"},"timestamp":"2025-08-07T05:19:25.516Z"}
{"level":"info","message":{"method":"GET","timestamp":"2025-08-07T05:19:47.377Z","url":"/"},"timestamp":"2025-08-07T05:19:47.377Z"}
{"level":"info","message":{"method":"GET","timestamp":"2025-08-07T05:20:33.798Z","url":"/"},"timestamp":"2025-08-07T05:20:33.798Z"}
{"level":"info","message":{"method":"GET","timestamp":"2025-08-07T05:20:34.430Z","url":"/"},"timestamp":"2025-08-07T05:20:34.430Z"}
{"level":"info","message":{"method":"GET","timestamp":"2025-08-07T05:20:34.657Z","url":"/"},"timestamp":"2025-08-07T05:20:34.657Z"}
{"level":"info","message":{"method":"GET","timestamp":"2025-08-07T05:28:21.021Z","url":"/"},"timestamp":"2025-08-07T05:28:21.025Z"}
{"level":"info","message":{"method":"OPTIONS","timestamp":"2025-08-07T05:28:24.699Z","url":"/api/tasks"},"timestamp":"2025-08-07T05:28:24.699Z"}
{"level":"info","message":{"method":"POST","timestamp":"2025-08-07T05:28:24.732Z","url":"/api/tasks"},"timestamp":"2025-08-07T05:28:24.732Z"}
{"level":"info","message":{"method":"OPTIONS","timestamp":"2025-08-07T05:28:36.433Z","url":"/api/tasks/14"},"timestamp":"2025-08-07T05:28:36.433Z"}
{"level":"info","message":{"method":"PUT","timestamp":"2025-08-07T05:28:36.438Z","url":"/api/tasks/14"},"timestamp":"2025-08-07T05:28:36.438Z"}
{"level":"info","message":{"method":"GET","timestamp":"2025-08-07T07:11:11.950Z","url":"/api/tasks"},"timestamp":"2025-08-07T07:11:11.950Z"}
{"level":"info","message":{"method":"GET","timestamp":"2025-08-07T10:04:53.110Z","url":"/api/tasks"},"timestamp":"2025-08-07T10:04:53.110Z"}
{"level":"info","message":{"method":"GET","timestamp":"2025-08-07T11:32:05.971Z","url":"/api/tasks"},"timestamp":"2025-08-07T11:32:05.971Z"}
{"level":"info","message":{"method":"GET","timestamp":"2025-08-07T11:53:41.171Z","url":"/api/tasks"},"timestamp":"2025-08-07T11:53:41.171Z"}
{"level":"info","message":{"method":"GET","timestamp":"2025-08-08T08:42:40.832Z","url":"/api/tasks"},"timestamp":"2025-08-08T08:42:40.843Z"}
{"level":"info","message":{"method":"GET","timestamp":"2025-08-08T08:42:52.735Z","url":"/api/tasks"},"timestamp":"2025-08-08T08:42:52.735Z"}
{"level":"info","message":{"method":"OPTIONS","timestamp":"2025-08-08T08:42:54.403Z","url":"/api/tasks/14"},"timestamp":"2025-08-08T08:42:54.403Z"}
{"level":"info","message":{"method":"DELETE","timestamp":"2025-08-08T08:42:54.407Z","url":"/api/tasks/14"},"timestamp":"2025-08-08T08:42:54.407Z"}
{"level":"info","message":{"method":"OPTIONS","timestamp":"2025-08-08T08:42:55.443Z","url":"/api/tasks/12"},"timestamp":"2025-08-08T08:42:55.443Z"}
{"level":"info","message":{"method":"DELETE","timestamp":"2025-08-08T08:42:55.446Z","url":"/api/tasks/12"},"timestamp":"2025-08-08T08:42:55.446Z"}
{"level":"info","message":{"method":"OPTIONS","timestamp":"2025-08-08T08:43:26.977Z","url":"/api/tasks"},"timestamp":"2025-08-08T08:43:26.977Z"}
{"level":"info","message":{"method":"POST","timestamp":"2025-08-08T08:43:27.067Z","url":"/api/tasks"},"timestamp":"2025-08-08T08:43:27.067Z"}
{"level":"info","message":{"method":"OPTIONS","timestamp":"2025-08-08T08:43:59.464Z","url":"/api/tasks"},"timestamp":"2025-08-08T08:43:59.464Z"}
{"level":"info","message":{"method":"POST","timestamp":"2025-08-08T08:43:59.478Z","url":"/api/tasks"},"timestamp":"2025-08-08T08:43:59.478Z"}
{"level":"info","message":{"method":"GET","timestamp":"2025-08-12T05:21:38.286Z","url":"/api/tasks"},"timestamp":"2025-08-12T05:21:38.289Z"}
{"level":"info","message":{"method":"GET","timestamp":"2025-08-12T05:44:58.935Z","url":"/api/tasks"},"timestamp":"2025-08-12T05:44:58.935Z"}
